<?xml version="1.0" encoding="UTF-8"?>
<testsuite name="com.Happiest.PracticeTest" tests="1" skipped="0" failures="0" errors="0" timestamp="2021-10-31T05:39:43" hostname="DEEPAK000" time="1.396">
  <properties/>
  <testcase name="WhenGivenToIntegers_AddThem_ShouldReturnSum()" classname="com.Happiest.PracticeTest" time="1.396"/>
  <system-out><![CDATA[]]></system-out>
  <system-err><![CDATA[]]></system-err>
</testsuite>
